[{"stream_name":"stderr","time":5.840051188,"data":"0.00s - Debugger warning: It seems that frozen modules are being used, which may\n"}
,{"stream_name":"stderr","time":5.840105945,"data":"0.00s - make the debugger miss breakpoints. Please pass -Xfrozen_modules=off\n"}
,{"stream_name":"stderr","time":5.840111571,"data":"0.00s - to python to disable frozen modules.\n"}
,{"stream_name":"stderr","time":5.840115464,"data":"0.00s - Note: Debugging will proceed. Set PYDEVD_DISABLE_FILE_VALIDATION=1 to disable this validation.\n"}
,{"stream_name":"stderr","time":6.404356643,"data":"0.00s - Debugger warning: It seems that frozen modules are being used, which may\n"}
,{"stream_name":"stderr","time":6.404387314,"data":"0.00s - make the debugger miss breakpoints. Please pass -Xfrozen_modules=off\n"}
,{"stream_name":"stderr","time":6.404392906,"data":"0.00s - to python to disable frozen modules.\n"}
,{"stream_name":"stderr","time":6.40439737,"data":"0.00s - Note: Debugging will proceed. Set PYDEVD_DISABLE_FILE_VALIDATION=1 to disable this validation.\n"}
,{"stream_name":"stdout","time":9.465536685,"data":"\u001b[?25l   \u001b[90m━━━━━━━━━━━━━━━━━━━━━━━━━━━━━━━━━━━━━━━━\u001b[0m \u001b[32m0.0/431.5 kB\u001b[0m \u001b[31m?\u001b[0m eta \u001b[36m-:--:--\u001b[0m\r\u001b[2K   \u001b[90m━━━━━━━━━━━━━━━━━━━━━━━━━━━━━━━━━━━━━━━━\u001b[0m \u001b[32m431.5/431.5 kB\u001b[0m \u001b[31m26.8 MB/s\u001b[0m eta \u001b[36m0:00:00\u001b[0m\r\n"}
,{"stream_name":"stdout","time":25.693399264,"data":"\u001b[?25hPyTorch: 2.9.0+cu126\n"}
,{"stream_name":"stdout","time":25.693435418,"data":"timm: 0.5.4\n"}
,{"stream_name":"stdout","time":25.693443047,"data":"GPU: Tesla P100-PCIE-16GB\n"}
,{"stream_name":"stdout","time":25.693447772,"data":"CUDA: True\n"}
,{"stream_name":"stdout","time":25.693452799,"data":"GPU Bellek: 17.1 GB\n"}
,{"stream_name":"stdout","time":240.960286801,"data":"Labels CSV: /kaggle/input/datasets/organizations/nih-chest-xrays/data/Data_Entry_2017.csv\n"}
,{"stream_name":"stdout","time":240.960342221,"data":"Image directories: 12\n"}
,{"stream_name":"stdout","time":240.960351333,"data":"  /kaggle/input/datasets/organizations/nih-chest-xrays/data/images_001/images: 4,999 PNG\n"}
,{"stream_name":"stdout","time":240.960357105,"data":"  /kaggle/input/datasets/organizations/nih-chest-xrays/data/images_002/images: 10,000 PNG\n"}
,{"stream_name":"stdout","time":240.960362357,"data":"  /kaggle/input/datasets/organizations/nih-chest-xrays/data/images_003/images: 10,000 PNG\n"}
,{"stream_name":"stdout","time":240.999892961,"data":"  /kaggle/input/datasets/organizations/nih-chest-xrays/data/images_004/images: 10,000 PNG\n"}
,{"stream_name":"stdout","time":240.999919808,"data":"  /kaggle/input/datasets/organizations/nih-chest-xrays/data/images_005/images: 10,000 PNG\n"}
,{"stream_name":"stdout","time":241.806419331,"data":"Toplam indekslenen goruntu: 112,120\n"}
,{"stream_name":"stdout","time":242.283303823,"data":"CSV kayit sayisi: 112,120\n"}
,{"stream_name":"stdout","time":242.283371269,"data":"Hasta sayisi: 30,805\n"}
,{"stream_name":"stdout","time":242.283378921,"data":"\n"}
,{"stream_name":"stdout","time":242.283384044,"data":"Sutunlar: ['Image Index', 'Finding Labels', 'Follow-up #', 'Patient ID', 'Patient Age', 'Patient Gender', 'View Position', 'OriginalImage[Width', 'Height]', 'OriginalImagePixelSpacing[x', 'y]', 'Unnamed: 11']\n"}
,{"stream_name":"stdout","time":242.692281753,"data":"=================================================================\n"}
,{"stream_name":"stdout","time":242.692319079,"data":"NIH ChestX-ray14 — Patoloji Dagilimi (TAM DATASET)\n"}
,{"stream_name":"stdout","time":242.692360346,"data":"=================================================================\n"}
,{"stream_name":"stdout","time":242.692367247,"data":"          Infiltration: 19,894 ( 17.7%)\n"}
,{"stream_name":"stdout","time":242.692370526,"data":"              Effusion: 13,317 ( 11.9%)\n"}
,{"stream_name":"stdout","time":242.692374233,"data":"           Atelectasis: 11,559 ( 10.3%)\n"}
,{"stream_name":"stdout","time":242.692378003,"data":"                Nodule:  6,331 (  5.6%) \u003c\u003c AlpCAN\n"}
,{"stream_name":"stdout","time":242.692382463,"data":"                  Mass:  5,782 (  5.2%) \u003c\u003c AlpCAN\n"}
,{"stream_name":"stdout","time":242.692386768,"data":"          Pneumothorax:  5,302 (  4.7%)\n"}
,{"stream_name":"stdout","time":242.692390783,"data":"         Consolidation:  4,667 (  4.2%)\n"}
,{"stream_name":"stdout","time":242.692394774,"data":"    Pleural_Thickening:  3,385 (  3.0%)\n"}
,{"stream_name":"stdout","time":242.692397996,"data":"          Cardiomegaly:  2,776 (  2.5%)\n"}
,{"stream_name":"stdout","time":242.692401223,"data":"             Emphysema:  2,516 (  2.2%)\n"}
,{"stream_name":"stdout","time":242.692404601,"data":"                 Edema:  2,303 (  2.1%)\n"}
,{"stream_name":"stdout","time":242.692408104,"data":"              Fibrosis:  1,686 (  1.5%)\n"}
,{"stream_name":"stdout","time":242.692411997,"data":"             Pneumonia:  1,431 (  1.3%)\n"}
,{"stream_name":"stdout","time":242.692415481,"data":"                Hernia:    227 (  0.2%)\n"}
,{"stream_name":"stdout","time":242.692419016,"data":"            No Finding: 60,361 ( 53.8%)\n"}
,{"stream_name":"stdout","time":242.692423248,"data":"\n"}
,{"stream_name":"stdout","time":242.692427127,"data":"  Toplam goruntu: 112,120\n"}
,{"stream_name":"stdout","time":242.6924306,"data":"  Toplam hasta:   30,805\n"}
,{"stream_name":"stdout","time":242.692434001,"data":"  Multi-label:    20,796 goruntu birden fazla patoloji iceriyor\n"}
,{"stream_name":"stdout","time":302.866752854,"data":"Checkpoint Kaggle dataset'ten bulundu: /kaggle/input/datasets/ridvancebec/ark-plus-pretrained-weights-core/Ark6_swinLarge768_ep50.pth.tar\n"}
,{"stream_name":"stdout","time":302.866790138,"data":"  Boyut: 2.47 GB\n"}
,{"stream_name":"stdout","time":302.866797103,"data":"\n"}
,{"stream_name":"stdout","time":302.866802761,"data":"Kullanilacak checkpoint: /kaggle/input/datasets/ridvancebec/ark-plus-pretrained-weights-core/Ark6_swinLarge768_ep50.pth.tar\n"}
,{"stream_name":"stdout","time":302.866808129,"data":"Boyut: 2.47 GB\n"}
,{"stream_name":"stderr","time":367.108390297,"data":"Traceback (most recent call last):\n"}
,{"stream_name":"stderr","time":367.108417703,"data":"  File \"\u003cstring\u003e\", line 1, in \u003cmodule\u003e\n"}
,{"stream_name":"stderr","time":367.108422387,"data":"  File \"/usr/local/lib/python3.12/dist-packages/papermill/execute.py\", line 131, in execute_notebook\n"}
,{"stream_name":"stderr","time":367.108532744,"data":"    raise_for_execution_errors(nb, output_path)\n"}
,{"stream_name":"stderr","time":367.108614547,"data":"  File \"/usr/local/lib/python3.12/dist-packages/papermill/execute.py\", line 251, in raise_for_execution_errors\n"}
,{"stream_name":"stderr","time":367.108754772,"data":"    raise error\n"}
,{"stream_name":"stderr","time":367.109013762,"data":"papermill.exceptions.PapermillExecutionError: \n"}
,{"stream_name":"stderr","time":367.109027962,"data":"---------------------------------------------------------------------------\n"}
,{"stream_name":"stderr","time":367.109033192,"data":"Exception encountered at \"In [6]\":\n"}
,{"stream_name":"stderr","time":367.109037705,"data":"---------------------------------------------------------------------------\n"}
,{"stream_name":"stderr","time":367.10905236,"data":"NameError                                 Traceback (most recent call last)\n"}
,{"stream_name":"stderr","time":367.109056632,"data":"/tmp/ipykernel_23/2335004286.py in \u003ccell line: 0\u003e()\n"}
,{"stream_name":"stderr","time":367.109060748,"data":"     77 ft_name = \"Ark+SwinL768_ChestX-ray14_ft.pth.tar\"\n"}
,{"stream_name":"stderr","time":367.10906452,"data":"     78 ft_candidates = list(INPUT_DIR.rglob(ft_name))\n"}
,{"stream_name":"stderr","time":367.109068273,"data":"---\u003e 79 if not ft_candidates and WEIGHTS_DIR.exists():\n"}
,{"stream_name":"stderr","time":367.109072058,"data":"     80     ft_candidates = list(WEIGHTS_DIR.rglob(ft_name))\n"}
,{"stream_name":"stderr","time":367.109076,"data":"     81 if ft_candidates:\n"}
,{"stream_name":"stderr","time":367.109079943,"data":"\n"}
,{"stream_name":"stderr","time":367.1090837,"data":"NameError: name 'WEIGHTS_DIR' is not defined\n"}
,{"stream_name":"stderr","time":367.109087575,"data":"\n"}
,{"stream_name":"stderr","time":369.116937353,"data":"/usr/local/lib/python3.12/dist-packages/mistune.py:435: SyntaxWarning: invalid escape sequence '\\|'\n"}
,{"stream_name":"stderr","time":369.116975383,"data":"  cells[i][c] = re.sub('\\\\\\\\\\|', '|', cell)\n"}
,{"stream_name":"stderr","time":369.255429174,"data":"/usr/local/lib/python3.12/dist-packages/nbconvert/filters/filter_links.py:36: SyntaxWarning: invalid escape sequence '\\_'\n"}
,{"stream_name":"stderr","time":369.255453507,"data":"  text = re.sub(r'_', '\\_', text) # Escape underscores in display text\n"}
,{"stream_name":"stderr","time":369.785225618,"data":"/usr/local/lib/python3.12/dist-packages/traitlets/traitlets.py:2915: FutureWarning: --Exporter.preprocessors=[\"remove_papermill_header.RemovePapermillHeader\"] for containers is deprecated in traitlets 5.0. You can pass `--Exporter.preprocessors item` ... multiple times to add items to a list.\n"}
,{"stream_name":"stderr","time":369.785253464,"data":"  warn(\n"}
,{"stream_name":"stderr","time":369.814538768,"data":"[NbConvertApp] Converting notebook __notebook__.ipynb to notebook\n"}
,{"stream_name":"stderr","time":370.112299248,"data":"[NbConvertApp] Writing 69516 bytes to __notebook__.ipynb\n"}
,{"stream_name":"stderr","time":372.383680332,"data":"/usr/local/lib/python3.12/dist-packages/traitlets/traitlets.py:2915: FutureWarning: --Exporter.preprocessors=[\"nbconvert.preprocessors.ExtractOutputPreprocessor\"] for containers is deprecated in traitlets 5.0. You can pass `--Exporter.preprocessors item` ... multiple times to add items to a list.\n"}
,{"stream_name":"stderr","time":372.383709581,"data":"  warn(\n"}
,{"stream_name":"stderr","time":372.405782308,"data":"[NbConvertApp] Converting notebook __notebook__.ipynb to html\n"}
,{"stream_name":"stderr","time":373.378937073,"data":"[NbConvertApp] Writing 518761 bytes to __results__.html\n"}
]